<?xml version="1.0" encoding="UTF-8"?>
<testsuite name="testing.MetricsTest" tests="2" skipped="0" failures="0" errors="0" timestamp="2017-11-19T09:22:04" hostname="brain" time="0.054">
  <properties/>
  <testcase name="testPrintMethodName" classname="testing.MetricsTest" time="0.001"/>
  <testcase name="testGatherPerformance" classname="testing.MetricsTest" time="0.053"/>
  <system-out><![CDATA[]]></system-out>
  <system-err><![CDATA[]]></system-err>
</testsuite>
