<?xml version="1.0" encoding="UTF-8"?>
<testsuite name="testing.RepositoryInfoTest" tests="16" skipped="0" failures="0" errors="0" timestamp="2017-11-19T09:22:04" hostname="brain" time="0.005">
  <properties/>
  <testcase name="getContributors" classname="testing.RepositoryInfoTest" time="0.0"/>
  <testcase name="getUrl" classname="testing.RepositoryInfoTest" time="0.0"/>
  <testcase name="getTotalCommits" classname="testing.RepositoryInfoTest" time="0.001"/>
  <testcase name="testToString" classname="testing.RepositoryInfoTest" time="0.0"/>
  <testcase name="setUrl" classname="testing.RepositoryInfoTest" time="0.001"/>
  <testcase name="setContributors" classname="testing.RepositoryInfoTest" time="0.0"/>
  <testcase name="setTotalCommits" classname="testing.RepositoryInfoTest" time="0.0"/>
  <testcase name="setAmountOfStars" classname="testing.RepositoryInfoTest" time="0.0"/>
  <testcase name="getName" classname="testing.RepositoryInfoTest" time="0.001"/>
  <testcase name="setDescription" classname="testing.RepositoryInfoTest" time="0.0"/>
  <testcase name="constructorIsValid" classname="testing.RepositoryInfoTest" time="0.0"/>
  <testcase name="setLanguage" classname="testing.RepositoryInfoTest" time="0.0"/>
  <testcase name="getLanguage" classname="testing.RepositoryInfoTest" time="0.0"/>
  <testcase name="getAmountOfStars" classname="testing.RepositoryInfoTest" time="0.0"/>
  <testcase name="getDescription" classname="testing.RepositoryInfoTest" time="0.0"/>
  <testcase name="setName" classname="testing.RepositoryInfoTest" time="0.0"/>
  <system-out><![CDATA[]]></system-out>
  <system-err><![CDATA[]]></system-err>
</testsuite>
