<?xml version="1.0" encoding="UTF-8"?>
<testsuite name="testing.ContributorInfoTest" tests="7" skipped="0" failures="0" errors="0" timestamp="2017-11-19T09:20:13" hostname="brain" time="0.009">
  <properties/>
  <testcase name="getProfileURL" classname="testing.ContributorInfoTest" time="0.005"/>
  <testcase name="setAmountOfCommits" classname="testing.ContributorInfoTest" time="0.0"/>
  <testcase name="setProfileURL" classname="testing.ContributorInfoTest" time="0.0"/>
  <testcase name="getName" classname="testing.ContributorInfoTest" time="0.0"/>
  <testcase name="constructorIsValid" classname="testing.ContributorInfoTest" time="0.0"/>
  <testcase name="setName" classname="testing.ContributorInfoTest" time="0.0"/>
  <testcase name="getAmountOfCommits" classname="testing.ContributorInfoTest" time="0.0"/>
  <system-out><![CDATA[]]></system-out>
  <system-err><![CDATA[]]></system-err>
</testsuite>
