<?xml version="1.0" encoding="UTF-8"?>
<testsuite name="testing.MainTest" tests="1" skipped="0" failures="0" errors="0" timestamp="2017-11-19T09:21:12" hostname="brain" time="52.32">
  <properties/>
  <testcase name="testAnalyseRepositories" classname="testing.MainTest" time="52.32"/>
  <system-out><![CDATA[]]></system-out>
  <system-err><![CDATA[]]></system-err>
</testsuite>
